\BOOKMARK [0][-]{chapter*.2}{\376\377\000A\000c\000k\000n\000o\000w\000l\000e\000d\000g\000m\000e\000n\000t\000s}{}% 1
\BOOKMARK [0][-]{chapter*.3}{\376\377\000A\000b\000s\000t\000r\000a\000c\000t}{}% 2
\BOOKMARK [0][-]{chapter.1}{\376\377\000I\000n\000t\000r\000o\000d\000u\000c\000t\000i\000o\000n}{}% 3
\BOOKMARK [0][-]{chapter.2}{\376\377\000B\000a\000c\000k\000g\000r\000o\000u\000n\000d\000\040\000a\000n\000d\000\040\000L\000i\000t\000e\000r\000a\000t\000u\000r\000e\000\040\000R\000e\000v\000i\000e\000w}{}% 4
\BOOKMARK [1][-]{subsection.2.0.1}{\376\377\000M\000o\000n\000o\000c\000u\000l\000a\000r\000\040\000D\000e\000p\000t\000h\000\040\000E\000s\000t\000i\000m\000a\000t\000i\000o\000n}{chapter.2}% 5
\BOOKMARK [2][-]{subsection.2.0.2}{\376\377\000O\000b\000j\000e\000c\000t\000\040\000D\000e\000t\000e\000c\000t\000i\000o\000n\000\040\000f\000o\000r\000\040\000A\000u\000t\000o\000n\000o\000m\000o\000u\000s\000\040\000N\000a\000v\000i\000g\000a\000t\000i\000o\000n}{subsection.2.0.1}% 6
\BOOKMARK [2][-]{subsection.2.0.3}{\376\377\000S\000e\000n\000s\000o\000r\000\040\000F\000u\000s\000i\000o\000n\000\040\000f\000o\000r\000\040\000O\000b\000s\000t\000a\000c\000l\000e\000\040\000D\000e\000t\000e\000c\000t\000i\000o\000n}{subsection.2.0.1}% 7
\BOOKMARK [2][-]{subsection.2.0.4}{\376\377\000S\000L\000A\000M\000\040\000a\000n\000d\000\040\000O\000b\000s\000t\000a\000c\000l\000e\000\040\000A\000v\000o\000i\000d\000a\000n\000c\000e}{subsection.2.0.1}% 8
\BOOKMARK [0][-]{chapter.3}{\376\377\000M\000e\000t\000h\000o\000d\000o\000l\000o\000g\000y}{}% 9
\BOOKMARK [1][-]{subsection.3.0.1}{\376\377\000S\000y\000s\000t\000e\000m\000\040\000A\000r\000c\000h\000i\000t\000e\000c\000t\000u\000r\000e\000\040\000a\000n\000d\000\040\000D\000e\000s\000i\000g\000n\000\040\000P\000h\000i\000l\000o\000s\000o\000p\000h\000y}{chapter.3}% 10
\BOOKMARK [2][-]{subsection.3.0.2}{\376\377\000I\000n\000p\000u\000t\000\040\000P\000r\000o\000c\000e\000s\000s\000i\000n\000g\000\040\000a\000n\000d\000\040\000V\000i\000d\000e\000o\000\040\000P\000i\000p\000e\000l\000i\000n\000e}{subsection.3.0.1}% 11
\BOOKMARK [2][-]{subsection.3.0.3}{\376\377\000M\000o\000n\000o\000c\000u\000l\000a\000r\000\040\000D\000e\000p\000t\000h\000\040\000E\000s\000t\000i\000m\000a\000t\000i\000o\000n\000\040\000w\000i\000t\000h\000\040\000U\000n\000c\000e\000r\000t\000a\000i\000n\000t\000y\000\040\000Q\000u\000a\000n\000t\000i\000f\000i\000c\000a\000t\000i\000o\000n}{subsection.3.0.1}% 12
\BOOKMARK [2][-]{subsection.3.0.4}{\376\377\000L\000i\000g\000h\000t\000w\000e\000i\000g\000h\000t\000\040\000O\000b\000j\000e\000c\000t\000\040\000D\000e\000t\000e\000c\000t\000i\000o\000n}{subsection.3.0.1}% 13
\BOOKMARK [2][-]{subsection.3.0.5}{\376\377\000U\000n\000c\000e\000r\000t\000a\000i\000n\000t\000y\000-\000G\000u\000i\000d\000e\000d\000\040\000F\000u\000s\000i\000o\000n}{subsection.3.0.1}% 14
\BOOKMARK [2][-]{subsection.3.0.6}{\376\377\000N\000a\000v\000i\000g\000a\000t\000i\000o\000n\000\040\000D\000e\000c\000i\000s\000i\000o\000n\000\040\000F\000r\000a\000m\000e\000w\000o\000r\000k}{subsection.3.0.1}% 15
\BOOKMARK [2][-]{subsection.3.0.7}{\376\377\000P\000e\000r\000f\000o\000r\000m\000a\000n\000c\000e\000\040\000M\000e\000t\000r\000i\000c\000s}{subsection.3.0.1}% 16
\BOOKMARK [0][-]{chapter.4}{\376\377\000R\000e\000s\000u\000l\000t\000s\000\040\000a\000n\000d\000\040\000D\000i\000s\000c\000u\000s\000s\000i\000o\000n}{}% 17
\BOOKMARK [1][-]{section.4.1}{\376\377\000E\000x\000p\000e\000r\000i\000m\000e\000n\000t\000a\000l\000\040\000S\000e\000t\000u\000p}{chapter.4}% 18
\BOOKMARK [2][-]{subsection.4.1.1}{\376\377\000S\000o\000f\000t\000w\000a\000r\000e\000\040\000A\000r\000c\000h\000i\000t\000e\000c\000t\000u\000r\000e}{section.4.1}% 19
\BOOKMARK [2][-]{subsection.4.1.2}{\376\377\000D\000e\000v\000e\000l\000o\000p\000m\000e\000n\000t\000\040\000W\000o\000r\000k\000f\000l\000o\000w}{section.4.1}% 20
\BOOKMARK [2][-]{subsection.4.1.3}{\376\377\000T\000e\000s\000t\000i\000n\000g\000\040\000P\000i\000p\000e\000l\000i\000n\000e}{section.4.1}% 21
\BOOKMARK [2][-]{subsection.4.1.4}{\376\377\000E\000v\000a\000l\000u\000a\000t\000i\000o\000n\000\040\000F\000r\000a\000m\000e\000w\000o\000r\000k}{section.4.1}% 22
\BOOKMARK [2][-]{subsection.4.1.5}{\376\377\000H\000a\000r\000d\000w\000a\000r\000e\000\040\000a\000n\000d\000\040\000S\000o\000f\000t\000w\000a\000r\000e}{section.4.1}% 23
\BOOKMARK [2][-]{subsection.4.1.6}{\376\377\000D\000a\000t\000a\000s\000e\000t\000\040\000a\000n\000d\000\040\000G\000r\000o\000u\000n\000d\000\040\000T\000r\000u\000t\000h}{section.4.1}% 24
\BOOKMARK [2][-]{subsection.4.1.7}{\376\377\000E\000v\000a\000l\000u\000a\000t\000i\000o\000n\000\040\000M\000e\000t\000r\000i\000c\000s}{section.4.1}% 25
\BOOKMARK [2][-]{subsection.4.1.8}{\376\377\000D\000u\000a\000l\000-\000P\000l\000a\000t\000f\000o\000r\000m\000,\000\040\000D\000u\000a\000l\000-\000S\000c\000e\000n\000a\000r\000i\000o\000\040\000E\000v\000a\000l\000u\000a\000t\000i\000o\000n}{section.4.1}% 26
\BOOKMARK [2][-]{subsection.4.1.9}{\376\377\000P\000e\000r\000f\000o\000r\000m\000a\000n\000c\000e\000\040\000C\000o\000m\000p\000a\000r\000i\000s\000o\000n}{section.4.1}% 27
\BOOKMARK [2][-]{subsection.4.1.10}{\376\377\000S\000c\000e\000n\000a\000r\000i\000o\000\040\000P\000e\000r\000f\000o\000r\000m\000a\000n\000c\000e}{section.4.1}% 28
\BOOKMARK [2][-]{subsection.4.1.11}{\376\377\000E\000d\000g\000e\000\040\000D\000e\000v\000i\000c\000e\000\040\000P\000e\000r\000f\000o\000r\000m\000a\000n\000c\000e}{section.4.1}% 29
\BOOKMARK [2][-]{subsection.4.1.12}{\376\377\000C\000o\000m\000p\000o\000n\000e\000n\000t\000-\000L\000e\000v\000e\000l\000\040\000A\000n\000a\000l\000y\000s\000i\000s}{section.4.1}% 30
\BOOKMARK [2][-]{subsection.4.1.13}{\376\377\000U\000n\000c\000e\000r\000t\000a\000i\000n\000t\000y\000\040\000A\000n\000a\000l\000y\000s\000i\000s}{section.4.1}% 31
\BOOKMARK [2][-]{subsection.4.1.14}{\376\377\000S\000a\000f\000e\000t\000y\000\040\000P\000e\000r\000f\000o\000r\000m\000a\000n\000c\000e\000\040\000A\000n\000a\000l\000y\000s\000i\000s}{section.4.1}% 32
\BOOKMARK [2][-]{subsection.4.1.15}{\376\377\000R\000e\000a\000l\000-\000T\000i\000m\000e\000\040\000P\000e\000r\000f\000o\000r\000m\000a\000n\000c\000e\000\040\000S\000c\000a\000l\000i\000n\000g\000\040\000A\000n\000a\000l\000y\000s\000i\000s}{section.4.1}% 33
\BOOKMARK [2][-]{subsection.4.1.16}{\376\377\000C\000o\000m\000p\000u\000t\000a\000t\000i\000o\000n\000a\000l\000\040\000E\000f\000f\000i\000c\000i\000e\000n\000c\000y\000\040\000A\000n\000a\000l\000y\000s\000i\000s}{section.4.1}% 34
\BOOKMARK [2][-]{subsection.4.1.17}{\376\377\000C\000o\000m\000p\000a\000r\000i\000s\000o\000n\000\040\000w\000i\000t\000h\000\040\000S\000t\000a\000t\000e\000-\000o\000f\000-\000t\000h\000e\000-\000A\000r\000t\000\040\000A\000p\000p\000r\000o\000a\000c\000h\000e\000s}{section.4.1}% 35
\BOOKMARK [2][-]{subsection.4.1.18}{\376\377\000E\000r\000r\000o\000r\000\040\000A\000n\000a\000l\000y\000s\000i\000s\000\040\000a\000n\000d\000\040\000F\000a\000i\000l\000u\000r\000e\000\040\000C\000a\000s\000e\000s}{section.4.1}% 36
\BOOKMARK [2][-]{subsection.4.1.19}{\376\377\000L\000o\000n\000g\000-\000t\000e\000r\000m\000\040\000P\000e\000r\000f\000o\000r\000m\000a\000n\000c\000e\000\040\000C\000o\000n\000s\000i\000s\000t\000e\000n\000c\000y}{section.4.1}% 37
\BOOKMARK [1][-]{section.4.2}{\376\377\000D\000i\000s\000c\000u\000s\000s\000i\000o\000n}{chapter.4}% 38
\BOOKMARK [2][-]{subsection.4.2.1}{\376\377\000S\000y\000s\000t\000e\000m\000\040\000A\000r\000c\000h\000i\000t\000e\000c\000t\000u\000r\000e\000\040\000A\000d\000v\000a\000n\000t\000a\000g\000e\000s}{section.4.2}% 39
\BOOKMARK [2][-]{subsection.4.2.2}{\376\377\000U\000n\000c\000e\000r\000t\000a\000i\000n\000t\000y\000\040\000Q\000u\000a\000n\000t\000i\000f\000i\000c\000a\000t\000i\000o\000n\000\040\000a\000n\000d\000\040\000F\000u\000s\000i\000o\000n}{section.4.2}% 40
\BOOKMARK [2][-]{subsection.4.2.3}{\376\377\000D\000e\000p\000l\000o\000y\000m\000e\000n\000t\000\040\000a\000n\000d\000\040\000P\000e\000r\000f\000o\000r\000m\000a\000n\000c\000e}{section.4.2}% 41
\BOOKMARK [2][-]{subsection.4.2.4}{\376\377\000L\000i\000m\000i\000t\000a\000t\000i\000o\000n\000s\000\040\000a\000n\000d\000\040\000F\000u\000t\000u\000r\000e\000\040\000W\000o\000r\000k}{section.4.2}% 42
\BOOKMARK [2][-]{subsection.4.2.5}{\376\377\000B\000r\000o\000a\000d\000e\000r\000\040\000I\000m\000p\000a\000c\000t\000\040\000a\000n\000d\000\040\000C\000o\000n\000t\000r\000i\000b\000u\000t\000i\000o\000n\000s}{section.4.2}% 43
\BOOKMARK [2][-]{subsection.4.2.6}{\376\377\000V\000a\000l\000i\000d\000a\000t\000i\000o\000n\000\040\000a\000n\000d\000\040\000C\000o\000m\000p\000a\000r\000i\000s\000o\000n}{section.4.2}% 44
\BOOKMARK [2][-]{subsection.4.2.7}{\376\377\000C\000o\000n\000c\000l\000u\000s\000i\000o\000n}{section.4.2}% 45
\BOOKMARK [0][-]{chapter.5}{\376\377\000C\000o\000n\000c\000l\000u\000s\000i\000o\000n\000\040\000a\000n\000d\000\040\000F\000u\000t\000u\000r\000e\000\040\000W\000o\000r\000k}{}% 46
\BOOKMARK [0][-]{chapter*.20}{\376\377\000A\000n\000n\000e\000x\000u\000r\000e}{}% 47
